

Microchip MPLAB XC8 Assembler V2.31 build 20201012212115 
                                                                                               Wed Feb 24 17:04:17 2021

Microchip MPLAB XC8 C Compiler v2.31 (Free license) build 20201012212115 Og1 
     1                           	processor	18F27Q43
     2                           	fnconf	rparam,??,?,0
     3                           	pagewidth 120
     4                           	opt	flic
     5                           	psect	cinit,global,reloc=2,class=CODE,delta=1
     6                           	psect	bssCOMRAM,global,class=COMRAM,space=1,delta=1,lowdata,noexec
     7                           	psect	cstackCOMRAM,global,class=COMRAM,space=1,delta=1,lowdata,noexec
     8                           	psect	text0,global,reloc=2,class=CODE,delta=1
     9                           	psect	text1,global,reloc=2,class=CODE,delta=1
    10                           	psect	text2,global,reloc=2,class=CODE,delta=1
    11                           	psect	text3,global,reloc=2,class=CODE,delta=1
    12                           	psect	text4,global,reloc=2,class=CODE,delta=1
    13                           	psect	text5,global,reloc=2,class=CODE,delta=1
    14                           	psect	text6,global,reloc=2,class=CODE,delta=1
    15                           	psect	intsave_regs,global,class=BIGRAM,space=1,delta=1,noexec
    16                           	psect	rparam,global,class=COMRAM,space=1,delta=1,noexec
    17                           	psect	idloc,global,abs,ovrld,class=IDLOC,space=5,delta=1,noexec
    18                           	psect	config,global,abs,ovrld,class=CONFIG,space=4,delta=1,noexec
    19  0000                     
    20                           ; Version 2.30
    21                           ; Generated 20/08/2020 GMT
    22                           ; 
    23                           ; Copyright © 2020, Microchip Technology Inc. and its subsidiaries ("Microchip")
    24                           ; All rights reserved.
    25                           ; 
    26                           ; This software is developed by Microchip Technology Inc. and its subsidiaries ("Microch
      +                          ip").
    27                           ; 
    28                           ; Redistribution and use in source and binary forms, with or without modification, are
    29                           ; permitted provided that the following conditions are met:
    30                           ; 
    31                           ;     1. Redistributions of source code must retain the above copyright notice, this lis
      +                          t of
    32                           ;        conditions and the following disclaimer.
    33                           ; 
    34                           ;     2. Redistributions in binary form must reproduce the above copyright notice, this 
      +                          list
    35                           ;        of conditions and the following disclaimer in the documentation and/or other
    36                           ;        materials provided with the distribution. Publication is not required when
    37                           ;        this file is used in an embedded application.
    38                           ; 
    39                           ;     3. Microchip's name may not be used to endorse or promote products derived from th
      +                          is
    40                           ;        software without specific prior written permission.
    41                           ; 
    42                           ; THIS SOFTWARE IS PROVIDED BY MICROCHIP "AS IS" AND ANY EXPRESS OR IMPLIED WARRANTIES,
    43                           ; INCLUDING, BUT NOT LIMITED TO, THE IMPLIED WARRANTIES OF MERCHANTABILITY AND FITNESS F
      +                          OR
    44                           ; PURPOSE ARE DISCLAIMED.  IN NO EVENT SHALL MICROCHIP BE LIABLE FOR ANY DIRECT, INDIREC
      +                          T,
    45                           ; INCIDENTAL, SPECIAL, EXEMPLARY, OR CONSEQUENTIAL DAMAGES (INCLUDING BUT NOT LIMITED TO
    46                           ; PROCUREMENT OF SUBSTITUTE GOODS OR SERVICES; LOSS OF USE, DATA OR PROFITS; OR BUSINESS
    47                           ; INTERRUPTION) HOWSOEVER CAUSED AND ON ANY THEORY OF LIABILITY, WHETHER IN CONTRACT, ST
      +                          RICT
    48                           ; LIABILITY, OR TORT (INCLUDING NEGLIGENCE OR OTHERWISE) ARISING IN ANY WAY OUT OF THE U
      +                          SE OF
    49                           ; THIS SOFTWARE, EVEN IF ADVISED OF THE POSSIBILITY OF SUCH DAMAGE.
    50                           ; 
    51                           ; 
    52                           ; Code-generator required, PIC18F27Q43 Definitions
    53                           ; 
    54                           ; SFR Addresses
    55  0000                     _ANSELA	set	1024
    56  0000                     _PORTB	set	1231
    57  0000                     _LATA	set	1214
    58  0000                     _PORTA	set	1230
    59  0000                     _TRISB	set	1223
    60  0000                     _TRISA	set	1222
    61                           
    62                           ; #config settings
    63                           
    64                           	psect	cinit
    65  01FF6C                     __pcinit:
    66                           	callstack 0
    67  01FF6C                     start_initialization:
    68                           	callstack 0
    69  01FF6C                     __initialization:
    70                           	callstack 0
    71                           
    72                           ; Clear objects allocated to COMRAM (21 bytes)
    73  01FF6C  EE01  F101         	lfsr	0,__pbssCOMRAM
    74  01FF70  0E15               	movlw	21
    75  01FF72                     clear_0:
    76  01FF72  6AEE               	clrf	postinc0,c
    77  01FF74  06E8               	decf	wreg,f,c
    78  01FF76  E1FD               	bnz	clear_0
    79  01FF78                     end_of_initialization:
    80                           	callstack 0
    81  01FF78                     __end_of__initialization:
    82                           	callstack 0
    83  01FF78  0100               	movlb	0
    84  01FF7A  EFED  F0FF         	goto	_main	;jump to C main() function
    85                           
    86                           	psect	bssCOMRAM
    87  000501                     __pbssCOMRAM:
    88                           	callstack 0
    89  000501                     UserAppRun@u32Counter:
    90                           	callstack 0
    91  000501                     	ds	4
    92  000505                     	ds	4
    93  000509                     _G_u32SystemFlags:
    94                           	callstack 0
    95  000509                     	ds	4
    96  00050D                     _G_u32SystemTime1s:
    97                           	callstack 0
    98  00050D                     	ds	4
    99  000511                     _G_u32SystemTime1ms:
   100                           	callstack 0
   101  000511                     	ds	4
   102  000515                     _G_u8UserAppFlags:
   103                           	callstack 0
   104  000515                     	ds	1
   105                           
   106                           	psect	cstackCOMRAM
   107  000000                     __pcstackCOMRAM:
   108                           	callstack 0
   109  000000                     
   110                           ; 1 bytes @ 0x0
   111 ;;
   112 ;;Main: autosize = 0, tempsize = 0, incstack = 0, save=0
   113 ;;
   114 ;; *************** function _main *****************
   115 ;; Defined at:
   116 ;;		line 35 in file "main.c"
   117 ;; Parameters:    Size  Location     Type
   118 ;;		None
   119 ;; Auto vars:     Size  Location     Type
   120 ;;		None
   121 ;; Return value:  Size  Location     Type
   122 ;;                  1    wreg      void 
   123 ;; Registers used:
   124 ;;		wreg, status,2, status,0, cstack
   125 ;; Tracked objects:
   126 ;;		On entry : 0/0
   127 ;;		On exit  : 0/0
   128 ;;		Unchanged: 0/0
   129 ;; Data sizes:     COMRAM   BANK5   BANK6   BANK7   BANK8   BANK9  BANK10  BANK11  BANK12  BANK13  BANK14  BANK15  BANK1
      +6  BANK17  BANK18  BANK19  BANK20  BANK21  BANK22  BANK23  BANK24  BANK25  BANK26  BANK27  BANK28  BANK29  BANK30  BANK3
      +1  BANK32  BANK33  BANK34  BANK35  BANK36  BANK37
   130 ;;      Params:         0       0       0       0       0       0       0       0       0       0       0       0       
      +0       0       0       0       0       0       0       0       0       0       0       0       0       0       0       
      +0       0       0       0       0       0       0
   131 ;;      Locals:         0       0       0       0       0       0       0       0       0       0       0       0       
      +0       0       0       0       0       0       0       0       0       0       0       0       0       0       0       
      +0       0       0       0       0       0       0
   132 ;;      Temps:          0       0       0       0       0       0       0       0       0       0       0       0       
      +0       0       0       0       0       0       0       0       0       0       0       0       0       0       0       
      +0       0       0       0       0       0       0
   133 ;;      Totals:         0       0       0       0       0       0       0       0       0       0       0       0       
      +0       0       0       0       0       0       0       0       0       0       0       0       0       0       0       
      +0       0       0       0       0       0       0
   134 ;;Total ram usage:        0 bytes
   135 ;; Hardware stack levels required when called:    1
   136 ;; This function calls:
   137 ;;		_ClockSetup
   138 ;;		_GpioSetup
   139 ;;		_SysTickSetup
   140 ;;		_SystemSleep
   141 ;;		_UserAppInitialize
   142 ;;		_UserAppRun
   143 ;; This function is called by:
   144 ;;		Startup code after reset
   145 ;; This function uses a non-reentrant model
   146 ;;
   147                           
   148                           	psect	text0
   149  01FFDA                     __ptext0:
   150                           	callstack 0
   151  01FFDA                     _main:
   152                           	callstack 127
   153  01FFDA                     
   154                           ;main.c: 37:   G_u32SystemFlags |= (u32)0x80000000;
   155  01FFDA  8E0C               	bsf	(_G_u32SystemFlags+3)^(0+1280),7,c	;volatile
   156  01FFDC                     
   157                           ;main.c: 40:   ClockSetup();
   158  01FFDC  ECB3  F0FF         	call	_ClockSetup	;wreg free
   159  01FFE0                     
   160                           ;main.c: 41:   SysTickSetup();
   161  01FFE0  ECCB  F0FF         	call	_SysTickSetup	;wreg free
   162  01FFE4                     
   163                           ;main.c: 42:   GpioSetup();
   164  01FFE4  ECBF  F0FF         	call	_GpioSetup	;wreg free
   165  01FFE8                     
   166                           ;main.c: 47:   UserAppInitialize();
   167  01FFE8  ECB5  F0FF         	call	_UserAppInitialize	;wreg free
   168  01FFEC                     l781:
   169                           
   170                           ;main.c: 53:   {;main.c: 57:     UserAppRun();
   171  01FFEC  ECDC  F0FF         	call	_UserAppRun	;wreg free
   172  01FFF0                     
   173                           ;main.c: 62:     SystemSleep();
   174  01FFF0  ECB4  F0FF         	call	_SystemSleep	;wreg free
   175  01FFF4  EFF6  F0FF         	goto	l781
   176  01FFF8  EFFE  F0FF         	goto	start
   177  01FFFC                     __end_of_main:
   178                           	callstack 0
   179                           
   180 ;; *************** function _UserAppRun *****************
   181 ;; Defined at:
   182 ;;		line 95 in file "user_app.c"
   183 ;; Parameters:    Size  Location     Type
   184 ;;		None
   185 ;; Auto vars:     Size  Location     Type
   186 ;;		None
   187 ;; Return value:  Size  Location     Type
   188 ;;                  1    wreg      void 
   189 ;; Registers used:
   190 ;;		wreg, status,2, status,0
   191 ;; Tracked objects:
   192 ;;		On entry : 0/0
   193 ;;		On exit  : 0/0
   194 ;;		Unchanged: 0/0
   195 ;; Data sizes:     COMRAM   BANK5   BANK6   BANK7   BANK8   BANK9  BANK10  BANK11  BANK12  BANK13  BANK14  BANK15  BANK1
      +6  BANK17  BANK18  BANK19  BANK20  BANK21  BANK22  BANK23  BANK24  BANK25  BANK26  BANK27  BANK28  BANK29  BANK30  BANK3
      +1  BANK32  BANK33  BANK34  BANK35  BANK36  BANK37
   196 ;;      Params:         0       0       0       0       0       0       0       0       0       0       0       0       
      +0       0       0       0       0       0       0       0       0       0       0       0       0       0       0       
      +0       0       0       0       0       0       0
   197 ;;      Locals:         0       0       0       0       0       0       0       0       0       0       0       0       
      +0       0       0       0       0       0       0       0       0       0       0       0       0       0       0       
      +0       0       0       0       0       0       0
   198 ;;      Temps:          0       0       0       0       0       0       0       0       0       0       0       0       
      +0       0       0       0       0       0       0       0       0       0       0       0       0       0       0       
      +0       0       0       0       0       0       0
   199 ;;      Totals:         0       0       0       0       0       0       0       0       0       0       0       0       
      +0       0       0       0       0       0       0       0       0       0       0       0       0       0       0       
      +0       0       0       0       0       0       0
   200 ;;Total ram usage:        0 bytes
   201 ;; Hardware stack levels used:    1
   202 ;; This function calls:
   203 ;;		Nothing
   204 ;; This function is called by:
   205 ;;		_main
   206 ;; This function uses a non-reentrant model
   207 ;;
   208                           
   209                           	psect	text1
   210  01FFB8                     __ptext1:
   211                           	callstack 0
   212  01FFB8                     _UserAppRun:
   213                           	callstack 127
   214  01FFB8                     
   215                           ;user_app.c: 97:     static u32 u32Prev = 0;;user_app.c: 98:     static u32 u32Counter =
      +                          0x00000000;;user_app.c: 100:     if(PORTB & 0x20)
   216  01FFB8  AACF               	btfss	207,5,c	;volatile
   217  01FFBA  EFE1  F0FF         	goto	u11
   218  01FFBE  EFE3  F0FF         	goto	u10
   219  01FFC2                     u11:
   220  01FFC2  EFE9  F0FF         	goto	l753
   221  01FFC6                     u10:
   222  01FFC6                     
   223                           ;user_app.c: 101:     {;user_app.c: 102:         u32Counter++;
   224  01FFC6  0E01               	movlw	1
   225  01FFC8  2601               	addwf	UserAppRun@u32Counter^(0+1280),f,c
   226  01FFCA  0E00               	movlw	0
   227  01FFCC  2202               	addwfc	(UserAppRun@u32Counter+1)^(0+1280),f,c
   228  01FFCE  2203               	addwfc	(UserAppRun@u32Counter+2)^(0+1280),f,c
   229  01FFD0  2204               	addwfc	(UserAppRun@u32Counter+3)^(0+1280),f,c
   230  01FFD2                     l753:
   231                           
   232                           ;user_app.c: 104:     LATA = (u8)u32Counter & 0x000000ff;
   233  01FFD2  0061  F404  F4BE   	movff	UserAppRun@u32Counter,1214	;volatile
   234  01FFD8  0012               	return		;funcret
   235  01FFDA                     __end_of_UserAppRun:
   236                           	callstack 0
   237                           
   238 ;; *************** function _UserAppInitialize *****************
   239 ;; Defined at:
   240 ;;		line 76 in file "user_app.c"
   241 ;; Parameters:    Size  Location     Type
   242 ;;		None
   243 ;; Auto vars:     Size  Location     Type
   244 ;;		None
   245 ;; Return value:  Size  Location     Type
   246 ;;                  1    wreg      void 
   247 ;; Registers used:
   248 ;;		None
   249 ;; Tracked objects:
   250 ;;		On entry : 0/0
   251 ;;		On exit  : 0/0
   252 ;;		Unchanged: 0/0
   253 ;; Data sizes:     COMRAM   BANK5   BANK6   BANK7   BANK8   BANK9  BANK10  BANK11  BANK12  BANK13  BANK14  BANK15  BANK1
      +6  BANK17  BANK18  BANK19  BANK20  BANK21  BANK22  BANK23  BANK24  BANK25  BANK26  BANK27  BANK28  BANK29  BANK30  BANK3
      +1  BANK32  BANK33  BANK34  BANK35  BANK36  BANK37
   254 ;;      Params:         0       0       0       0       0       0       0       0       0       0       0       0       
      +0       0       0       0       0       0       0       0       0       0       0       0       0       0       0       
      +0       0       0       0       0       0       0
   255 ;;      Locals:         0       0       0       0       0       0       0       0       0       0       0       0       
      +0       0       0       0       0       0       0       0       0       0       0       0       0       0       0       
      +0       0       0       0       0       0       0
   256 ;;      Temps:          0       0       0       0       0       0       0       0       0       0       0       0       
      +0       0       0       0       0       0       0       0       0       0       0       0       0       0       0       
      +0       0       0       0       0       0       0
   257 ;;      Totals:         0       0       0       0       0       0       0       0       0       0       0       0       
      +0       0       0       0       0       0       0       0       0       0       0       0       0       0       0       
      +0       0       0       0       0       0       0
   258 ;;Total ram usage:        0 bytes
   259 ;; Hardware stack levels used:    1
   260 ;; This function calls:
   261 ;;		Nothing
   262 ;; This function is called by:
   263 ;;		_main
   264 ;; This function uses a non-reentrant model
   265 ;;
   266                           
   267                           	psect	text2
   268  01FF6A                     __ptext2:
   269                           	callstack 0
   270  01FF6A                     _UserAppInitialize:
   271                           	callstack 127
   272  01FF6A  0012               	return		;funcret
   273  01FF6C                     __end_of_UserAppInitialize:
   274                           	callstack 0
   275                           
   276 ;; *************** function _SystemSleep *****************
   277 ;; Defined at:
   278 ;;		line 135 in file "encm369_pic18.c"
   279 ;; Parameters:    Size  Location     Type
   280 ;;		None
   281 ;; Auto vars:     Size  Location     Type
   282 ;;		None
   283 ;; Return value:  Size  Location     Type
   284 ;;                  1    wreg      void 
   285 ;; Registers used:
   286 ;;		None
   287 ;; Tracked objects:
   288 ;;		On entry : 0/0
   289 ;;		On exit  : 0/0
   290 ;;		Unchanged: 0/0
   291 ;; Data sizes:     COMRAM   BANK5   BANK6   BANK7   BANK8   BANK9  BANK10  BANK11  BANK12  BANK13  BANK14  BANK15  BANK1
      +6  BANK17  BANK18  BANK19  BANK20  BANK21  BANK22  BANK23  BANK24  BANK25  BANK26  BANK27  BANK28  BANK29  BANK30  BANK3
      +1  BANK32  BANK33  BANK34  BANK35  BANK36  BANK37
   292 ;;      Params:         0       0       0       0       0       0       0       0       0       0       0       0       
      +0       0       0       0       0       0       0       0       0       0       0       0       0       0       0       
      +0       0       0       0       0       0       0
   293 ;;      Locals:         0       0       0       0       0       0       0       0       0       0       0       0       
      +0       0       0       0       0       0       0       0       0       0       0       0       0       0       0       
      +0       0       0       0       0       0       0
   294 ;;      Temps:          0       0       0       0       0       0       0       0       0       0       0       0       
      +0       0       0       0       0       0       0       0       0       0       0       0       0       0       0       
      +0       0       0       0       0       0       0
   295 ;;      Totals:         0       0       0       0       0       0       0       0       0       0       0       0       
      +0       0       0       0       0       0       0       0       0       0       0       0       0       0       0       
      +0       0       0       0       0       0       0
   296 ;;Total ram usage:        0 bytes
   297 ;; Hardware stack levels used:    1
   298 ;; This function calls:
   299 ;;		Nothing
   300 ;; This function is called by:
   301 ;;		_main
   302 ;; This function uses a non-reentrant model
   303 ;;
   304                           
   305                           	psect	text3
   306  01FF68                     __ptext3:
   307                           	callstack 0
   308  01FF68                     _SystemSleep:
   309                           	callstack 127
   310  01FF68  0012               	return		;funcret
   311  01FF6A                     __end_of_SystemSleep:
   312                           	callstack 0
   313                           
   314 ;; *************** function _SysTickSetup *****************
   315 ;; Defined at:
   316 ;;		line 113 in file "encm369_pic18.c"
   317 ;; Parameters:    Size  Location     Type
   318 ;;		None
   319 ;; Auto vars:     Size  Location     Type
   320 ;;		None
   321 ;; Return value:  Size  Location     Type
   322 ;;                  1    wreg      void 
   323 ;; Registers used:
   324 ;;		wreg, status,2
   325 ;; Tracked objects:
   326 ;;		On entry : 0/0
   327 ;;		On exit  : 0/0
   328 ;;		Unchanged: 0/0
   329 ;; Data sizes:     COMRAM   BANK5   BANK6   BANK7   BANK8   BANK9  BANK10  BANK11  BANK12  BANK13  BANK14  BANK15  BANK1
      +6  BANK17  BANK18  BANK19  BANK20  BANK21  BANK22  BANK23  BANK24  BANK25  BANK26  BANK27  BANK28  BANK29  BANK30  BANK3
      +1  BANK32  BANK33  BANK34  BANK35  BANK36  BANK37
   330 ;;      Params:         0       0       0       0       0       0       0       0       0       0       0       0       
      +0       0       0       0       0       0       0       0       0       0       0       0       0       0       0       
      +0       0       0       0       0       0       0
   331 ;;      Locals:         0       0       0       0       0       0       0       0       0       0       0       0       
      +0       0       0       0       0       0       0       0       0       0       0       0       0       0       0       
      +0       0       0       0       0       0       0
   332 ;;      Temps:          0       0       0       0       0       0       0       0       0       0       0       0       
      +0       0       0       0       0       0       0       0       0       0       0       0       0       0       0       
      +0       0       0       0       0       0       0
   333 ;;      Totals:         0       0       0       0       0       0       0       0       0       0       0       0       
      +0       0       0       0       0       0       0       0       0       0       0       0       0       0       0       
      +0       0       0       0       0       0       0
   334 ;;Total ram usage:        0 bytes
   335 ;; Hardware stack levels used:    1
   336 ;; This function calls:
   337 ;;		Nothing
   338 ;; This function is called by:
   339 ;;		_main
   340 ;; This function uses a non-reentrant model
   341 ;;
   342                           
   343                           	psect	text4
   344  01FF96                     __ptext4:
   345                           	callstack 0
   346  01FF96                     _SysTickSetup:
   347                           	callstack 127
   348  01FF96                     
   349                           ;encm369_pic18.c: 115:   G_u32SystemTime1ms = 0;
   350  01FF96  0E00               	movlw	0
   351  01FF98  6E11               	movwf	_G_u32SystemTime1ms^(0+1280),c	;volatile
   352  01FF9A  0E00               	movlw	0
   353  01FF9C  6E12               	movwf	(_G_u32SystemTime1ms+1)^(0+1280),c	;volatile
   354  01FF9E  0E00               	movlw	0
   355  01FFA0  6E13               	movwf	(_G_u32SystemTime1ms+2)^(0+1280),c	;volatile
   356  01FFA2  0E00               	movlw	0
   357  01FFA4  6E14               	movwf	(_G_u32SystemTime1ms+3)^(0+1280),c	;volatile
   358                           
   359                           ;encm369_pic18.c: 116:   G_u32SystemTime1s = 0;
   360  01FFA6  0E00               	movlw	0
   361  01FFA8  6E0D               	movwf	_G_u32SystemTime1s^(0+1280),c	;volatile
   362  01FFAA  0E00               	movlw	0
   363  01FFAC  6E0E               	movwf	(_G_u32SystemTime1s+1)^(0+1280),c	;volatile
   364  01FFAE  0E00               	movlw	0
   365  01FFB0  6E0F               	movwf	(_G_u32SystemTime1s+2)^(0+1280),c	;volatile
   366  01FFB2  0E00               	movlw	0
   367  01FFB4  6E10               	movwf	(_G_u32SystemTime1s+3)^(0+1280),c	;volatile
   368  01FFB6  0012               	return		;funcret
   369  01FFB8                     __end_of_SysTickSetup:
   370                           	callstack 0
   371                           
   372 ;; *************** function _GpioSetup *****************
   373 ;; Defined at:
   374 ;;		line 89 in file "encm369_pic18.c"
   375 ;; Parameters:    Size  Location     Type
   376 ;;		None
   377 ;; Auto vars:     Size  Location     Type
   378 ;;		None
   379 ;; Return value:  Size  Location     Type
   380 ;;                  1    wreg      void 
   381 ;; Registers used:
   382 ;;		wreg, status,2
   383 ;; Tracked objects:
   384 ;;		On entry : 0/0
   385 ;;		On exit  : 0/0
   386 ;;		Unchanged: 0/0
   387 ;; Data sizes:     COMRAM   BANK5   BANK6   BANK7   BANK8   BANK9  BANK10  BANK11  BANK12  BANK13  BANK14  BANK15  BANK1
      +6  BANK17  BANK18  BANK19  BANK20  BANK21  BANK22  BANK23  BANK24  BANK25  BANK26  BANK27  BANK28  BANK29  BANK30  BANK3
      +1  BANK32  BANK33  BANK34  BANK35  BANK36  BANK37
   388 ;;      Params:         0       0       0       0       0       0       0       0       0       0       0       0       
      +0       0       0       0       0       0       0       0       0       0       0       0       0       0       0       
      +0       0       0       0       0       0       0
   389 ;;      Locals:         0       0       0       0       0       0       0       0       0       0       0       0       
      +0       0       0       0       0       0       0       0       0       0       0       0       0       0       0       
      +0       0       0       0       0       0       0
   390 ;;      Temps:          0       0       0       0       0       0       0       0       0       0       0       0       
      +0       0       0       0       0       0       0       0       0       0       0       0       0       0       0       
      +0       0       0       0       0       0       0
   391 ;;      Totals:         0       0       0       0       0       0       0       0       0       0       0       0       
      +0       0       0       0       0       0       0       0       0       0       0       0       0       0       0       
      +0       0       0       0       0       0       0
   392 ;;Total ram usage:        0 bytes
   393 ;; Hardware stack levels used:    1
   394 ;; This function calls:
   395 ;;		Nothing
   396 ;; This function is called by:
   397 ;;		_main
   398 ;; This function uses a non-reentrant model
   399 ;;
   400                           
   401                           	psect	text5
   402  01FF7E                     __ptext5:
   403                           	callstack 0
   404  01FF7E                     _GpioSetup:
   405                           	callstack 127
   406  01FF7E                     
   407                           ;encm369_pic18.c: 91:     TRISA = 0x00;
   408  01FF7E  0E00               	movlw	0
   409  01FF80  6EC6               	movwf	198,c	;volatile
   410                           
   411                           ;encm369_pic18.c: 92:     TRISB = 0x20;
   412  01FF82  0E20               	movlw	32
   413  01FF84  6EC7               	movwf	199,c	;volatile
   414                           
   415                           ;encm369_pic18.c: 93:     PORTA = 0x00;
   416  01FF86  0E00               	movlw	0
   417  01FF88  6ECE               	movwf	206,c	;volatile
   418                           
   419                           ;encm369_pic18.c: 94:     ANSELA = 0x00;
   420  01FF8A  0E00               	movlw	0
   421  01FF8C  0104               	movlb	4	; () banked
   422  01FF8E  6F00               	movwf	0,b	;volatile
   423                           
   424                           ;encm369_pic18.c: 95:     LATA = 0x00;
   425  01FF90  0E00               	movlw	0
   426  01FF92  6EBE               	movwf	190,c	;volatile
   427  01FF94                     
   428                           ; BSR set to: 4
   429  01FF94  0012               	return		;funcret
   430  01FF96                     __end_of_GpioSetup:
   431                           	callstack 0
   432                           
   433 ;; *************** function _ClockSetup *****************
   434 ;; Defined at:
   435 ;;		line 70 in file "encm369_pic18.c"
   436 ;; Parameters:    Size  Location     Type
   437 ;;		None
   438 ;; Auto vars:     Size  Location     Type
   439 ;;		None
   440 ;; Return value:  Size  Location     Type
   441 ;;                  1    wreg      void 
   442 ;; Registers used:
   443 ;;		None
   444 ;; Tracked objects:
   445 ;;		On entry : 0/0
   446 ;;		On exit  : 0/0
   447 ;;		Unchanged: 0/0
   448 ;; Data sizes:     COMRAM   BANK5   BANK6   BANK7   BANK8   BANK9  BANK10  BANK11  BANK12  BANK13  BANK14  BANK15  BANK1
      +6  BANK17  BANK18  BANK19  BANK20  BANK21  BANK22  BANK23  BANK24  BANK25  BANK26  BANK27  BANK28  BANK29  BANK30  BANK3
      +1  BANK32  BANK33  BANK34  BANK35  BANK36  BANK37
   449 ;;      Params:         0       0       0       0       0       0       0       0       0       0       0       0       
      +0       0       0       0       0       0       0       0       0       0       0       0       0       0       0       
      +0       0       0       0       0       0       0
   450 ;;      Locals:         0       0       0       0       0       0       0       0       0       0       0       0       
      +0       0       0       0       0       0       0       0       0       0       0       0       0       0       0       
      +0       0       0       0       0       0       0
   451 ;;      Temps:          0       0       0       0       0       0       0       0       0       0       0       0       
      +0       0       0       0       0       0       0       0       0       0       0       0       0       0       0       
      +0       0       0       0       0       0       0
   452 ;;      Totals:         0       0       0       0       0       0       0       0       0       0       0       0       
      +0       0       0       0       0       0       0       0       0       0       0       0       0       0       0       
      +0       0       0       0       0       0       0
   453 ;;Total ram usage:        0 bytes
   454 ;; Hardware stack levels used:    1
   455 ;; This function calls:
   456 ;;		Nothing
   457 ;; This function is called by:
   458 ;;		_main
   459 ;; This function uses a non-reentrant model
   460 ;;
   461                           
   462                           	psect	text6
   463  01FF66                     __ptext6:
   464                           	callstack 0
   465  01FF66                     _ClockSetup:
   466                           	callstack 127
   467  01FF66  0012               	return		;funcret
   468  01FF68                     __end_of_ClockSetup:
   469                           	callstack 0
   470  0000                     
   471                           	psect	rparam
   472  0000                     
   473                           	psect	idloc
   474                           
   475                           ;Config register IDLOC0 @ 0x200000
   476                           ;	unspecified, using default values
   477  200000                     	org	2097152
   478  200000  0FFF               	dw	4095
   479                           
   480                           ;Config register IDLOC1 @ 0x200002
   481                           ;	unspecified, using default values
   482  200002                     	org	2097154
   483  200002  0FFF               	dw	4095
   484                           
   485                           ;Config register IDLOC2 @ 0x200004
   486                           ;	unspecified, using default values
   487  200004                     	org	2097156
   488  200004  0FFF               	dw	4095
   489                           
   490                           ;Config register IDLOC3 @ 0x200006
   491                           ;	unspecified, using default values
   492  200006                     	org	2097158
   493  200006  0FFF               	dw	4095
   494                           
   495                           ;Config register IDLOC4 @ 0x200008
   496                           ;	unspecified, using default values
   497  200008                     	org	2097160
   498  200008  0FFF               	dw	4095
   499                           
   500                           ;Config register IDLOC5 @ 0x20000A
   501                           ;	unspecified, using default values
   502  20000A                     	org	2097162
   503  20000A  0FFF               	dw	4095
   504                           
   505                           ;Config register IDLOC6 @ 0x20000C
   506                           ;	unspecified, using default values
   507  20000C                     	org	2097164
   508  20000C  0FFF               	dw	4095
   509                           
   510                           ;Config register IDLOC7 @ 0x20000E
   511                           ;	unspecified, using default values
   512  20000E                     	org	2097166
   513  20000E  0FFF               	dw	4095
   514                           
   515                           ;Config register IDLOC8 @ 0x200010
   516                           ;	unspecified, using default values
   517  200010                     	org	2097168
   518  200010  0FFF               	dw	4095
   519                           
   520                           ;Config register IDLOC9 @ 0x200012
   521                           ;	unspecified, using default values
   522  200012                     	org	2097170
   523  200012  0FFF               	dw	4095
   524                           
   525                           ;Config register IDLOC10 @ 0x200014
   526                           ;	unspecified, using default values
   527  200014                     	org	2097172
   528  200014  0FFF               	dw	4095
   529                           
   530                           ;Config register IDLOC11 @ 0x200016
   531                           ;	unspecified, using default values
   532  200016                     	org	2097174
   533  200016  0FFF               	dw	4095
   534                           
   535                           ;Config register IDLOC12 @ 0x200018
   536                           ;	unspecified, using default values
   537  200018                     	org	2097176
   538  200018  0FFF               	dw	4095
   539                           
   540                           ;Config register IDLOC13 @ 0x20001A
   541                           ;	unspecified, using default values
   542  20001A                     	org	2097178
   543  20001A  0FFF               	dw	4095
   544                           
   545                           ;Config register IDLOC14 @ 0x20001C
   546                           ;	unspecified, using default values
   547  20001C                     	org	2097180
   548  20001C  0FFF               	dw	4095
   549                           
   550                           ;Config register IDLOC15 @ 0x20001E
   551                           ;	unspecified, using default values
   552  20001E                     	org	2097182
   553  20001E  0FFF               	dw	4095
   554                           
   555                           	psect	config
   556                           
   557                           ;Config register CONFIG1 @ 0x300000
   558                           ;	External Oscillator Selection
   559                           ;	FEXTOSC = OFF, Oscillator not enabled
   560                           ;	Reset Oscillator Selection
   561                           ;	RSTOSC = HFINTOSC_64MHZ, HFINTOSC with HFFRQ = 64 MHz and CDIV = 1:1
   562  300000                     	org	3145728
   563  300000  8C                 	db	140
   564                           
   565                           ;Config register CONFIG2 @ 0x300001
   566                           ;	Clock out Enable bit
   567                           ;	CLKOUTEN = ON, CLKOUT function is enabled
   568                           ;	PRLOCKED One-Way Set Enable bit
   569                           ;	PR1WAY = ON, PRLOCKED bit can be cleared and set only once
   570                           ;	Clock Switch Enable bit
   571                           ;	CSWEN = ON, Writing to NOSC and NDIV is allowed
   572                           ;	Fail-Safe Clock Monitor Enable bit
   573                           ;	FCMEN = ON, Fail-Safe Clock Monitor enabled
   574  300001                     	org	3145729
   575  300001  FE                 	db	254
   576                           
   577                           ;Config register CONFIG3 @ 0x300002
   578                           ;	MCLR Enable bit
   579                           ;	MCLRE = EXTMCLR, If LVP = 0, MCLR pin is MCLR; If LVP = 1, RE3 pin function is MCLR
   580                           ;	Power-up timer selection bits
   581                           ;	PWRTS = PWRT_OFF, PWRT is disabled
   582                           ;	Multi-vector enable bit
   583                           ;	MVECEN = ON, Multi-vector enabled, Vector table used for interrupts
   584                           ;	IVTLOCK bit One-way set enable bit
   585                           ;	IVT1WAY = ON, IVTLOCKED bit can be cleared and set only once
   586                           ;	Low Power BOR Enable bit
   587                           ;	LPBOREN = OFF, Low-Power BOR disabled
   588                           ;	Brown-out Reset Enable bits
   589                           ;	BOREN = SBORDIS, Brown-out Reset enabled , SBOREN bit is ignored
   590  300002                     	org	3145730
   591  300002  FF                 	db	255
   592                           
   593                           ;Config register CONFIG4 @ 0x300003
   594                           ;	Brown-out Reset Voltage Selection bits
   595                           ;	BORV = VBOR_2P85, Brown-out Reset Voltage (VBOR) set to 2.8V
   596                           ;	ZCD Disable bit
   597                           ;	ZCD = OFF, ZCD module is disabled. ZCD can be enabled by setting the ZCDSEN bit of ZCD
      +                          CON
   598                           ;	PPSLOCK bit One-Way Set Enable bit
   599                           ;	PPS1WAY = ON, PPSLOCKED bit can be cleared and set only once; PPS registers remain loc
      +                          ked after one clear/set cycle
   600                           ;	Stack Full/Underflow Reset Enable bit
   601                           ;	STVREN = ON, Stack full/underflow will cause Reset
   602                           ;	Low Voltage Programming Enable bit
   603                           ;	LVP = ON, Low voltage programming enabled. MCLR/VPP pin function is MCLR. MCLRE config
      +                          uration bit is ignored
   604                           ;	Extended Instruction Set Enable bit
   605                           ;	XINST = OFF, Extended Instruction Set and Indexed Addressing Mode disabled
   606  300003                     	org	3145731
   607  300003  FC                 	db	252
   608                           
   609                           ;Config register CONFIG5 @ 0x300004
   610                           ;	WDT Period selection bits
   611                           ;	WDTCPS = WDTCPS_31, Divider ratio 1:65536; software control of WDTPS
   612                           ;	WDT operating mode
   613                           ;	WDTE = OFF, WDT Disabled; SWDTEN is ignored
   614  300004                     	org	3145732
   615  300004  9F                 	db	159
   616                           
   617                           ;Config register CONFIG6 @ 0x300005
   618                           ;	WDT Window Select bits
   619                           ;	WDTCWS = WDTCWS_7, window always open (100%); software control; keyed access not requi
      +                          red
   620                           ;	WDT input clock selector
   621                           ;	WDTCCS = SC, Software Control
   622  300005                     	org	3145733
   623  300005  FF                 	db	255
   624                           
   625                           ;Config register CONFIG7 @ 0x300006
   626                           ;	Boot Block Size selection bits
   627                           ;	BBSIZE = BBSIZE_512, Boot Block size is 512 words
   628                           ;	Boot Block enable bit
   629                           ;	BBEN = OFF, Boot block disabled
   630                           ;	Storage Area Flash enable bit
   631                           ;	SAFEN = OFF, SAF disabled
   632                           ;	Background Debugger
   633                           ;	DEBUG = OFF, Background Debugger disabled
   634  300006                     	org	3145734
   635  300006  FF                 	db	255
   636                           
   637                           ;Config register CONFIG8 @ 0x300007
   638                           ;	Boot Block Write Protection bit
   639                           ;	WRTB = OFF, Boot Block not Write protected
   640                           ;	Configuration Register Write Protection bit
   641                           ;	WRTC = OFF, Configuration registers not Write protected
   642                           ;	Data EEPROM Write Protection bit
   643                           ;	WRTD = OFF, Data EEPROM not Write protected
   644                           ;	SAF Write protection bit
   645                           ;	WRTSAF = OFF, SAF not Write Protected
   646                           ;	Application Block write protection bit
   647                           ;	WRTAPP = OFF, Application Block not write protected
   648  300007                     	org	3145735
   649  300007  FF                 	db	255
   650                           
   651                           ; Padding undefined space
   652  300008                     	org	3145736
   653  300008  FF                 	db	255
   654                           
   655                           ;Config register CONFIG10 @ 0x300009
   656                           ;	PFM and Data EEPROM Code Protection bit
   657                           ;	CP = OFF, PFM and Data EEPROM code protection disabled
   658  300009                     	org	3145737
   659  300009  FF                 	db	255
   660                           tosu	equ	0x4FF
   661                           tosh	equ	0x4FE
   662                           tosl	equ	0x4FD
   663                           stkptr	equ	0x4FC
   664                           pclatu	equ	0x4FB
   665                           pclath	equ	0x4FA
   666                           pcl	equ	0x4F9
   667                           tblptru	equ	0x4F8
   668                           tblptrh	equ	0x4F7
   669                           tblptrl	equ	0x4F6
   670                           tablat	equ	0x4F5
   671                           prodh	equ	0x4F4
   672                           prodl	equ	0x4F3
   673                           indf0	equ	0x4EF
   674                           postinc0	equ	0x4EE
   675                           postdec0	equ	0x4ED
   676                           preinc0	equ	0x4EC
   677                           plusw0	equ	0x4EB
   678                           fsr0h	equ	0x4EA
   679                           fsr0l	equ	0x4E9
   680                           wreg	equ	0x4E8
   681                           indf1	equ	0x4E7
   682                           postinc1	equ	0x4E6
   683                           postdec1	equ	0x4E5
   684                           preinc1	equ	0x4E4
   685                           plusw1	equ	0x4E3
   686                           fsr1h	equ	0x4E2
   687                           fsr1l	equ	0x4E1
   688                           bsr	equ	0x4E0
   689                           indf2	equ	0x4DF
   690                           postinc2	equ	0x4DE
   691                           postdec2	equ	0x4DD
   692                           preinc2	equ	0x4DC
   693                           plusw2	equ	0x4DB
   694                           fsr2h	equ	0x4DA
   695                           fsr2l	equ	0x4D9
   696                           status	equ	0x4D8

Data Sizes:
    Strings     0
    Constant    0
    Data        0
    BSS         21
    Persistent  0
    Stack       0

Auto Spaces:
    Space          Size  Autos    Used
    COMRAM           95      0      21
    BANK5           160      0       0
    BANK6           256      0       0
    BANK7           256      0       0
    BANK8           256      0       0
    BANK9           256      0       0
    BANK10          256      0       0
    BANK11          256      0       0
    BANK12          256      0       0
    BANK13          256      0       0
    BANK14          256      0       0
    BANK15          256      0       0
    BANK16          256      0       0
    BANK17          256      0       0
    BANK18          256      0       0
    BANK19          256      0       0
    BANK20          256      0       0
    BANK21          256      0       0
    BANK22          256      0       0
    BANK23          256      0       0
    BANK24          256      0       0
    BANK25          256      0       0
    BANK26          256      0       0
    BANK27          256      0       0
    BANK28          256      0       0
    BANK29          256      0       0
    BANK30          256      0       0
    BANK31          256      0       0
    BANK32          256      0       0
    BANK33          256      0       0
    BANK34          256      0       0
    BANK35          256      0       0
    BANK36          256      0       0
    BANK37          256      0       0

Pointer List with Targets:

    None.

Critical Paths under _main in COMRAM

    None.

Critical Paths under _main in BANK5

    None.

Critical Paths under _main in BANK6

    None.

Critical Paths under _main in BANK7

    None.

Critical Paths under _main in BANK8

    None.

Critical Paths under _main in BANK9

    None.

Critical Paths under _main in BANK10

    None.

Critical Paths under _main in BANK11

    None.

Critical Paths under _main in BANK12

    None.

Critical Paths under _main in BANK13

    None.

Critical Paths under _main in BANK14

    None.

Critical Paths under _main in BANK15

    None.

Critical Paths under _main in BANK16

    None.

Critical Paths under _main in BANK17

    None.

Critical Paths under _main in BANK18

    None.

Critical Paths under _main in BANK19

    None.

Critical Paths under _main in BANK20

    None.

Critical Paths under _main in BANK21

    None.

Critical Paths under _main in BANK22

    None.

Critical Paths under _main in BANK23

    None.

Critical Paths under _main in BANK24

    None.

Critical Paths under _main in BANK25

    None.

Critical Paths under _main in BANK26

    None.

Critical Paths under _main in BANK27

    None.

Critical Paths under _main in BANK28

    None.

Critical Paths under _main in BANK29

    None.

Critical Paths under _main in BANK30

    None.

Critical Paths under _main in BANK31

    None.

Critical Paths under _main in BANK32

    None.

Critical Paths under _main in BANK33

    None.

Critical Paths under _main in BANK34

    None.

Critical Paths under _main in BANK35

    None.

Critical Paths under _main in BANK36

    None.

Critical Paths under _main in BANK37

    None.

Call Graph Tables:

 ---------------------------------------------------------------------------------
 (Depth) Function   	        Calls       Base Space   Used Autos Params    Refs
 ---------------------------------------------------------------------------------
 (0) _main                                                 0     0      0       0
                         _ClockSetup
                          _GpioSetup
                       _SysTickSetup
                        _SystemSleep
                  _UserAppInitialize
                         _UserAppRun
 ---------------------------------------------------------------------------------
 (1) _UserAppRun                                           0     0      0       0
 ---------------------------------------------------------------------------------
 (1) _UserAppInitialize                                    0     0      0       0
 ---------------------------------------------------------------------------------
 (1) _SystemSleep                                          0     0      0       0
 ---------------------------------------------------------------------------------
 (1) _SysTickSetup                                         0     0      0       0
 ---------------------------------------------------------------------------------
 (1) _GpioSetup                                            0     0      0       0
 ---------------------------------------------------------------------------------
 (1) _ClockSetup                                           0     0      0       0
 ---------------------------------------------------------------------------------
 Estimated maximum stack depth 1
 ---------------------------------------------------------------------------------

 Call Graph Graphs:

 _main (ROOT)
   _ClockSetup
   _GpioSetup
   _SysTickSetup
   _SystemSleep
   _UserAppInitialize
   _UserAppRun

 Address spaces:
Name               Size   Autos  Total    Cost      Usage
BIGRAM            20FF      0       0      71        0.0%
EEDATA             400      0       0       0        0.0%
BITBANK37          100      0       0      70        0.0%
BANK37             100      0       0      68        0.0%
BITBANK36          100      0       0      66        0.0%
BANK36             100      0       0      67        0.0%
BITBANK35          100      0       0      64        0.0%
BANK35             100      0       0      65        0.0%
BITBANK34          100      0       0      62        0.0%
BANK34             100      0       0      63        0.0%
BITBANK33          100      0       0      60        0.0%
BANK33             100      0       0      61        0.0%
BITBANK32          100      0       0      58        0.0%
BANK32             100      0       0      59        0.0%
BITBANK31          100      0       0      56        0.0%
BANK31             100      0       0      57        0.0%
BITBANK30          100      0       0      54        0.0%
BANK30             100      0       0      55        0.0%
BITBANK29          100      0       0      52        0.0%
BANK29             100      0       0      53        0.0%
BITBANK28          100      0       0      50        0.0%
BANK28             100      0       0      51        0.0%
BITBANK27          100      0       0      48        0.0%
BANK27             100      0       0      49        0.0%
BITBANK26          100      0       0      46        0.0%
BANK26             100      0       0      47        0.0%
BITBANK25          100      0       0      44        0.0%
BANK25             100      0       0      45        0.0%
BITBANK24          100      0       0      42        0.0%
BANK24             100      0       0      43        0.0%
BITBANK23          100      0       0      40        0.0%
BANK23             100      0       0      41        0.0%
BITBANK22          100      0       0      38        0.0%
BANK22             100      0       0      39        0.0%
BITBANK21          100      0       0      36        0.0%
BANK21             100      0       0      37        0.0%
BITBANK20          100      0       0      34        0.0%
BANK20             100      0       0      35        0.0%
BITBANK19          100      0       0      32        0.0%
BANK19             100      0       0      33        0.0%
BITBANK18          100      0       0      30        0.0%
BANK18             100      0       0      31        0.0%
BITBANK17          100      0       0      28        0.0%
BANK17             100      0       0      29        0.0%
BITBANK16          100      0       0      26        0.0%
BANK16             100      0       0      27        0.0%
BITBANK15          100      0       0      24        0.0%
BANK15             100      0       0      25        0.0%
BITBANK14          100      0       0      22        0.0%
BANK14             100      0       0      23        0.0%
BITBANK13          100      0       0      20        0.0%
BANK13             100      0       0      21        0.0%
BITBANK12          100      0       0      18        0.0%
BANK12             100      0       0      19        0.0%
BITBANK11          100      0       0      16        0.0%
BANK11             100      0       0      17        0.0%
BITBANK10          100      0       0      14        0.0%
BANK10             100      0       0      15        0.0%
BITBANK9           100      0       0      12        0.0%
BANK9              100      0       0      13        0.0%
BITBANK8           100      0       0      10        0.0%
BANK8              100      0       0      11        0.0%
BITBANK7           100      0       0       8        0.0%
BANK7              100      0       0       9        0.0%
BITBANK6           100      0       0       6        0.0%
BANK6              100      0       0       7        0.0%
BITBANK5            A0      0       0       4        0.0%
BANK5               A0      0       0       5        0.0%
BITCOMRAM           5F      0       0       0        0.0%
COMRAM              5F      0      15       1       22.1%
BITSFR_5             0      0       0     200        0.0%
SFR_5                0      0       0     200        0.0%
BITSFR_4             0      0       0     200        0.0%
SFR_4                0      0       0     200        0.0%
BITSFR_3             0      0       0     200        0.0%
SFR_3                0      0       0     200        0.0%
BITSFR_2             0      0       0     200        0.0%
SFR_2                0      0       0     200        0.0%
BITSFR_1             0      0       0     200        0.0%
SFR_1                0      0       0     200        0.0%
BITSFR               0      0       0     200        0.0%
SFR                  0      0       0     200        0.0%
STACK                0      0       0       2        0.0%
NULL                 0      0       0       0        0.0%
ABS                  0      0      15      69        0.0%
DATA                 0      0      15       3        0.0%
CODE                 0      0       0       0        0.0%


Microchip Technology PIC18 Macro Assembler V2.31 build 20201012212115 
Symbol Table                                                                                   Wed Feb 24 17:04:17 2021

     __size_of_SysTickSetup 0022                          l20 FF94                          l23 FFB6  
                        l17 FF66                          l26 FF68                          l61 FF6A  
                        l69 FFD8                          u10 FFC6                          u11 FFC2  
                       l751 FFC6                         l745 FF7E                         l753 FFD2  
                       l771 FFDA                         l749 FFB8                         l781 FFEC  
                       l773 FFDC                         l783 FFF0                         l775 FFE0  
                       l769 FF96                         l777 FFE4                         l779 FFE8  
                       wreg 0004E8                        _LATA 0004BE                        _main FFDA  
              _SysTickSetup FF96                        start FFFC        __size_of_SystemSleep 0002  
              ___param_bank 000000                  _ClockSetup FF66                       ?_main 0000  
                     _PORTA 0004CE                       _PORTB 0004CF                       _TRISA 0004C6  
                     _TRISB 0004C7             __initialization FF6C                __end_of_main FFFC  
                    ??_main 0000               __activetblptr 000000                      _ANSELA 000400  
        __size_of_GpioSetup 0018                 ?_ClockSetup 0000                      clear_0 FF72  
                _UserAppRun FFB8                  __accesstop 0560     __end_of__initialization FF78  
             ___rparam_used 000001            _G_u8UserAppFlags 0515              __pcstackCOMRAM 0000  
         __end_of_GpioSetup FF96         __size_of_ClockSetup 0002                 ?_UserAppRun 0000  
             ??_SystemSleep 0000                     __Hparam 0000                     __Lparam 0000  
                   __pcinit FF6C                     __ramtop 2600                     __ptext0 FFDA  
                   __ptext1 FFB8                     __ptext2 FF6A                     __ptext3 FF68  
                   __ptext4 FF96                     __ptext5 FF7E                     __ptext6 FF66  
      end_of_initialization FF78            _G_u32SystemFlags 0509                     postinc0 0004EE  
       __end_of_SystemSleep FF6A                ??_ClockSetup 0000         __size_of_UserAppRun 0022  
      UserAppRun@u32Counter 0501          __end_of_ClockSetup FF68                   _GpioSetup FF7E  
       start_initialization FF6C               ?_SysTickSetup 0000                 _SystemSleep FF68  
                ?_GpioSetup 0000                 __pbssCOMRAM 0501           _UserAppInitialize FF6A  
              ??_UserAppRun 0000          ?_UserAppInitialize 0000              ??_SysTickSetup 0000  
       ??_UserAppInitialize 0000          __end_of_UserAppRun FFDA           UserAppRun@u32Prev 0505  
 __end_of_UserAppInitialize FF6C                 ??_GpioSetup 0000                    __Hrparam 0000  
                  __Lrparam 0000        __end_of_SysTickSetup FFB8  __size_of_UserAppInitialize 0002  
             __size_of_main 0022                ?_SystemSleep 0000          _G_u32SystemTime1ms 0511  
         _G_u32SystemTime1s 050D  
